android/app/build/intermediates/manifest_merge_blame_file/release/manifest-merger-blame-release-report.txt
1<?xml version="1.0" encoding="utf-8"?>
2<manifest xmlns:android="http://schemas.android.com/apk/res/android"
3    package="com.shreekul"
4    android:versionCode="1"
5    android:versionName="1.0" >
6
7    <uses-sdk
8        android:minSdkVersion="21"
8-->src/main/AndroidManifest.xml
9        android:targetSdkVersion="33" />
9-->src/main/AndroidManifest.xml
10
11    <uses-permission android:name="android.permission.INTERNET" />
11-->src/main/AndroidManifest.xml:3:5-67
11-->src/main/AndroidManifest.xml:3:22-64
12    <uses-permission android:name="android.permission.ACCESS_NETWORK_STATE" />
12-->src/main/AndroidManifest.xml:4:5-79
12-->src/main/AndroidManifest.xml:4:22-76
13    <uses-permission android:name="android.permission.WRITE_EXTERNAL_STORAGE" />
13-->[:react-native-fs] AndroidManifest.xml:7:5-81
13-->[:react-native-fs] AndroidManifest.xml:7:22-78
14    <uses-permission android:name="android.permission.READ_EXTERNAL_STORAGE" />
15    <uses-permission android:name="android.permission.ACCESS_WIFI_STATE" />
15-->[:react-native-community_netinfo] AndroidManifest.xml:8:5-76
15-->[:react-native-community_netinfo] AndroidManifest.xml:8:22-73
16    <uses-permission android:name="android.permission.WAKE_LOCK" />
16-->[:react-native-firebase_messaging] AndroidManifest.xml:8:5-68
16-->[:react-native-firebase_messaging] AndroidManifest.xml:8:22-65
17
18    <queries>
18-->[:react-native-image-crop-picker] AndroidManifest.xml:7:5-11:15
19        <intent>
19-->[:react-native-image-crop-picker] AndroidManifest.xml:8:9-10:18
20            <action android:name="android.media.action.IMAGE_CAPTURE" />
20-->[:react-native-image-crop-picker] AndroidManifest.xml:9:13-73
20-->[:react-native-image-crop-picker] AndroidManifest.xml:9:21-70
21        </intent>
22        <intent>
22-->[com.razorpay:checkout:1.6.38] AndroidManifest.xml:11:9-17:18
23            <action android:name="android.intent.action.VIEW" />
23-->src/main/AndroidManifest.xml:26:9-61
23-->src/main/AndroidManifest.xml:26:17-58
24
25            <data
25-->src/main/AndroidManifest.xml:29:9-37
26                android:mimeType="*/*"
27                android:scheme="*" />
27-->src/main/AndroidManifest.xml:29:15-35
28        </intent>
29        <intent>
29-->[com.razorpay:checkout:1.6.38] AndroidManifest.xml:18:9-27:18
30            <action android:name="android.intent.action.VIEW" />
30-->src/main/AndroidManifest.xml:26:9-61
30-->src/main/AndroidManifest.xml:26:17-58
31
32            <category android:name="android.intent.category.BROWSABLE" />
32-->src/main/AndroidManifest.xml:28:9-70
32-->src/main/AndroidManifest.xml:28:19-67
33
34            <data
34-->src/main/AndroidManifest.xml:29:9-37
35                android:host="pay"
36                android:mimeType="*/*"
37                android:scheme="upi" />
37-->src/main/AndroidManifest.xml:29:15-35
38        </intent>
39        <intent>
39-->[com.razorpay:checkout:1.6.38] AndroidManifest.xml:28:9-30:18
40            <action android:name="android.intent.action.MAIN" />
40-->src/main/AndroidManifest.xml:22:13-65
40-->src/main/AndroidManifest.xml:22:21-62
41        </intent>
42        <intent>
42-->[com.razorpay:checkout:1.6.38] AndroidManifest.xml:31:9-35:18
43            <action android:name="android.intent.action.SEND" />
43-->[com.razorpay:checkout:1.6.38] AndroidManifest.xml:32:13-65
43-->[com.razorpay:checkout:1.6.38] AndroidManifest.xml:32:21-62
44
45            <data android:mimeType="*/*" />
45-->src/main/AndroidManifest.xml:29:9-37
46        </intent>
47        <intent>
47-->[com.razorpay:checkout:1.6.38] AndroidManifest.xml:36:9-38:18
48            <action android:name="rzp.device_token.share" />
48-->[com.razorpay:checkout:1.6.38] AndroidManifest.xml:37:13-61
48-->[com.razorpay:checkout:1.6.38] AndroidManifest.xml:37:21-58
49        </intent>
50    </queries> <!-- Required by older versions of Google Play services to create IID tokens -->
51    <uses-permission android:name="com.google.android.c2dm.permission.RECEIVE" />
51-->[com.google.android.gms:play-services-iid:17.0.0] AndroidManifest.xml:23:5-82
51-->[com.google.android.gms:play-services-iid:17.0.0] AndroidManifest.xml:23:22-79
52    <uses-permission android:name="android.permission.POST_NOTIFICATIONS" />
52-->[com.google.firebase:firebase-messaging:23.4.0] AndroidManifest.xml:23:5-77
52-->[com.google.firebase:firebase-messaging:23.4.0] AndroidManifest.xml:23:22-74
53
54    <uses-feature
54-->[com.google.android.gms:play-services-maps:17.0.0] AndroidManifest.xml:26:5-28:35
55        android:glEsVersion="0x00020000"
55-->[com.google.android.gms:play-services-maps:17.0.0] AndroidManifest.xml:27:9-41
56        android:required="true" />
56-->[com.google.android.gms:play-services-maps:17.0.0] AndroidManifest.xml:28:9-32
57
58    <uses-permission android:name="com.google.android.finsky.permission.BIND_GET_INSTALL_REFERRER_SERVICE" />
58-->[com.android.installreferrer:installreferrer:1.1.2] AndroidManifest.xml:9:5-110
58-->[com.android.installreferrer:installreferrer:1.1.2] AndroidManifest.xml:9:22-107
59
60    <application
60-->src/main/AndroidManifest.xml:7:5-32:19
61        android:name="com.shreekul.MainApplication"
61-->src/main/AndroidManifest.xml:8:7-38
62        android:allowBackup="false"
62-->src/main/AndroidManifest.xml:12:7-34
63        android:appComponentFactory="androidx.core.app.CoreComponentFactory"
63-->[androidx.core:core:1.8.0] AndroidManifest.xml:24:18-86
64        android:icon="@mipmap/ic_launcher"
64-->src/main/AndroidManifest.xml:10:7-41
65        android:label="@string/app_name"
65-->src/main/AndroidManifest.xml:9:7-39
66        android:roundIcon="@mipmap/ic_launcher_round"
66-->src/main/AndroidManifest.xml:11:7-52
67        android:theme="@style/AppTheme" >
67-->src/main/AndroidManifest.xml:13:7-38
68        <activity
68-->src/main/AndroidManifest.xml:14:7-31:18
69            android:name="com.shreekul.MainActivity"
69-->src/main/AndroidManifest.xml:15:9-37
70            android:configChanges="keyboard|keyboardHidden|orientation|screenLayout|screenSize|smallestScreenSize|uiMode"
70-->src/main/AndroidManifest.xml:17:9-118
71            android:exported="true"
71-->src/main/AndroidManifest.xml:20:9-32
72            android:label="@string/app_name"
72-->src/main/AndroidManifest.xml:16:9-41
73            android:launchMode="singleTask"
73-->src/main/AndroidManifest.xml:18:9-40
74            android:windowSoftInputMode="adjustResize" >
74-->src/main/AndroidManifest.xml:19:9-51
75            <intent-filter>
75-->src/main/AndroidManifest.xml:21:9-24:25
76                <action android:name="android.intent.action.MAIN" />
76-->src/main/AndroidManifest.xml:22:13-65
76-->src/main/AndroidManifest.xml:22:21-62
77
78                <category android:name="android.intent.category.LAUNCHER" />
78-->src/main/AndroidManifest.xml:23:13-73
78-->src/main/AndroidManifest.xml:23:23-70
79            </intent-filter>
80            <intent-filter>
80-->src/main/AndroidManifest.xml:25:9-30:25
81                <action android:name="android.intent.action.VIEW" />
81-->src/main/AndroidManifest.xml:26:9-61
81-->src/main/AndroidManifest.xml:26:17-58
82
83                <category android:name="android.intent.category.DEFAULT" />
83-->src/main/AndroidManifest.xml:27:9-68
83-->src/main/AndroidManifest.xml:27:19-65
84                <category android:name="android.intent.category.BROWSABLE" />
84-->src/main/AndroidManifest.xml:28:9-70
84-->src/main/AndroidManifest.xml:28:19-67
85
86                <data android:scheme="app" />
86-->src/main/AndroidManifest.xml:29:9-37
86-->src/main/AndroidManifest.xml:29:15-35
87            </intent-filter>
88        </activity>
89
90        <service
90-->[:react-native-firebase_messaging] AndroidManifest.xml:12:9-14:40
91            android:name="io.invertase.firebase.messaging.ReactNativeFirebaseMessagingHeadlessService"
91-->[:react-native-firebase_messaging] AndroidManifest.xml:13:13-103
92            android:exported="false" />
92-->[:react-native-firebase_messaging] AndroidManifest.xml:14:13-37
93        <service
93-->[:react-native-firebase_messaging] AndroidManifest.xml:15:9-21:19
94            android:name="io.invertase.firebase.messaging.ReactNativeFirebaseMessagingService"
94-->[:react-native-firebase_messaging] AndroidManifest.xml:16:13-95
95            android:exported="false" >
95-->[:react-native-firebase_messaging] AndroidManifest.xml:17:13-37
96            <intent-filter>
96-->[:react-native-firebase_messaging] AndroidManifest.xml:18:13-20:29
97                <action android:name="com.google.firebase.MESSAGING_EVENT" />
97-->[:react-native-firebase_messaging] AndroidManifest.xml:19:17-78
97-->[:react-native-firebase_messaging] AndroidManifest.xml:19:25-75
98            </intent-filter>
99        </service>
100
101        <receiver
101-->[:react-native-firebase_messaging] AndroidManifest.xml:23:9-30:20
102            android:name="io.invertase.firebase.messaging.ReactNativeFirebaseMessagingReceiver"
102-->[:react-native-firebase_messaging] AndroidManifest.xml:24:13-96
103            android:exported="true"
103-->[:react-native-firebase_messaging] AndroidManifest.xml:25:13-36
104            android:permission="com.google.android.c2dm.permission.SEND" >
104-->[:react-native-firebase_messaging] AndroidManifest.xml:26:13-73
105            <intent-filter>
105-->[:react-native-firebase_messaging] AndroidManifest.xml:27:13-29:29
106                <action android:name="com.google.android.c2dm.intent.RECEIVE" />
106-->[:react-native-firebase_messaging] AndroidManifest.xml:28:17-81
106-->[:react-native-firebase_messaging] AndroidManifest.xml:28:25-78
107            </intent-filter>
108        </receiver>
109
110        <meta-data
110-->[:react-native-firebase_messaging] AndroidManifest.xml:32:9-34:36
111            android:name="firebase_messaging_auto_init_enabled"
111-->[:react-native-firebase_messaging] AndroidManifest.xml:33:13-64
112            android:value="true" />
112-->[:react-native-firebase_messaging] AndroidManifest.xml:34:13-33
113        <meta-data
113-->[:react-native-firebase_messaging] AndroidManifest.xml:35:9-37:32
114            android:name="com.google.firebase.messaging.default_notification_channel_id"
114-->[:react-native-firebase_messaging] AndroidManifest.xml:36:13-89
115            android:value="" />
115-->[:react-native-firebase_messaging] AndroidManifest.xml:37:13-29
116        <meta-data
116-->[:react-native-firebase_messaging] AndroidManifest.xml:38:9-40:47
117            android:name="com.google.firebase.messaging.default_notification_color"
117-->[:react-native-firebase_messaging] AndroidManifest.xml:39:13-84
118            android:resource="@color/white" />
118-->[:react-native-firebase_messaging] AndroidManifest.xml:40:13-44
119        <meta-data
119-->[:react-native-firebase_app] AndroidManifest.xml:9:9-11:36
120            android:name="app_data_collection_default_enabled"
120-->[:react-native-firebase_app] AndroidManifest.xml:10:13-63
121            android:value="true" />
121-->[:react-native-firebase_app] AndroidManifest.xml:11:13-33
122
123        <service
123-->[:react-native-firebase_app] AndroidManifest.xml:13:9-21:19
124            android:name="com.google.firebase.components.ComponentDiscoveryService"
124-->[:react-native-firebase_app] AndroidManifest.xml:14:13-84
125            android:directBootAware="true"
125-->[:react-native-firebase_app] AndroidManifest.xml:15:13-43
126            android:exported="false" >
126-->[:react-native-firebase_app] AndroidManifest.xml:16:13-37
127            <meta-data
127-->[:react-native-firebase_app] AndroidManifest.xml:18:13-20:85
128                android:name="com.google.firebase.components:io.invertase.firebase.app.ReactNativeFirebaseAppRegistrar"
128-->[:react-native-firebase_app] AndroidManifest.xml:19:17-120
129                android:value="com.google.firebase.components.ComponentRegistrar" />
129-->[:react-native-firebase_app] AndroidManifest.xml:20:17-82
130            <meta-data
130-->[com.google.firebase:firebase-messaging:23.4.0] AndroidManifest.xml:57:13-59:85
131                android:name="com.google.firebase.components:com.google.firebase.messaging.FirebaseMessagingKtxRegistrar"
131-->[com.google.firebase:firebase-messaging:23.4.0] AndroidManifest.xml:58:17-122
132                android:value="com.google.firebase.components.ComponentRegistrar" />
132-->[com.google.firebase:firebase-messaging:23.4.0] AndroidManifest.xml:59:17-82
133            <meta-data
133-->[com.google.firebase:firebase-messaging:23.4.0] AndroidManifest.xml:60:13-62:85
134                android:name="com.google.firebase.components:com.google.firebase.messaging.FirebaseMessagingRegistrar"
134-->[com.google.firebase:firebase-messaging:23.4.0] AndroidManifest.xml:61:17-119
135                android:value="com.google.firebase.components.ComponentRegistrar" />
135-->[com.google.firebase:firebase-messaging:23.4.0] AndroidManifest.xml:62:17-82
136            <meta-data
136-->[com.google.firebase:firebase-installations:17.2.0] AndroidManifest.xml:15:13-17:85
137                android:name="com.google.firebase.components:com.google.firebase.installations.FirebaseInstallationsKtxRegistrar"
137-->[com.google.firebase:firebase-installations:17.2.0] AndroidManifest.xml:16:17-130
138                android:value="com.google.firebase.components.ComponentRegistrar" />
138-->[com.google.firebase:firebase-installations:17.2.0] AndroidManifest.xml:17:17-82
139            <meta-data
139-->[com.google.firebase:firebase-installations:17.2.0] AndroidManifest.xml:18:13-20:85
140                android:name="com.google.firebase.components:com.google.firebase.installations.FirebaseInstallationsRegistrar"
140-->[com.google.firebase:firebase-installations:17.2.0] AndroidManifest.xml:19:17-127
141                android:value="com.google.firebase.components.ComponentRegistrar" />
141-->[com.google.firebase:firebase-installations:17.2.0] AndroidManifest.xml:20:17-82
142            <meta-data
142-->[com.google.firebase:firebase-common-ktx:20.4.2] AndroidManifest.xml:12:13-14:85
143                android:name="com.google.firebase.components:com.google.firebase.ktx.FirebaseCommonLegacyRegistrar"
143-->[com.google.firebase:firebase-common-ktx:20.4.2] AndroidManifest.xml:13:17-116
144                android:value="com.google.firebase.components.ComponentRegistrar" />
144-->[com.google.firebase:firebase-common-ktx:20.4.2] AndroidManifest.xml:14:17-82
145            <meta-data
145-->[com.google.firebase:firebase-common:20.4.2] AndroidManifest.xml:35:13-37:85
146                android:name="com.google.firebase.components:com.google.firebase.FirebaseCommonKtxRegistrar"
146-->[com.google.firebase:firebase-common:20.4.2] AndroidManifest.xml:36:17-109
147                android:value="com.google.firebase.components.ComponentRegistrar" />
147-->[com.google.firebase:firebase-common:20.4.2] AndroidManifest.xml:37:17-82
148            <meta-data
148-->[com.google.firebase:firebase-datatransport:18.1.7] AndroidManifest.xml:27:13-29:85
149                android:name="com.google.firebase.components:com.google.firebase.datatransport.TransportRegistrar"
149-->[com.google.firebase:firebase-datatransport:18.1.7] AndroidManifest.xml:28:17-115
150                android:value="com.google.firebase.components.ComponentRegistrar" />
150-->[com.google.firebase:firebase-datatransport:18.1.7] AndroidManifest.xml:29:17-82
151        </service>
152
153        <provider
153-->[:react-native-firebase_app] AndroidManifest.xml:23:9-27:38
154            android:name="io.invertase.firebase.app.ReactNativeFirebaseAppInitProvider"
154-->[:react-native-firebase_app] AndroidManifest.xml:24:13-88
155            android:authorities="com.shreekul.reactnativefirebaseappinitprovider"
155-->[:react-native-firebase_app] AndroidManifest.xml:25:13-86
156            android:exported="false"
156-->[:react-native-firebase_app] AndroidManifest.xml:26:13-37
157            android:initOrder="99" />
157-->[:react-native-firebase_app] AndroidManifest.xml:27:13-35
158        <provider
158-->[:react-native-image-crop-picker] AndroidManifest.xml:16:9-24:20
159            android:name="com.reactnative.ivpusic.imagepicker.IvpusicImagePickerFileProvider"
159-->[:react-native-image-crop-picker] AndroidManifest.xml:17:13-94
160            android:authorities="com.shreekul.provider"
160-->[:react-native-image-crop-picker] AndroidManifest.xml:18:13-60
161            android:exported="false"
161-->[:react-native-image-crop-picker] AndroidManifest.xml:19:13-37
162            android:grantUriPermissions="true" >
162-->[:react-native-image-crop-picker] AndroidManifest.xml:20:13-47
163            <meta-data
163-->[:react-native-image-crop-picker] AndroidManifest.xml:21:13-23:78
164                android:name="android.support.FILE_PROVIDER_PATHS"
164-->[:react-native-image-crop-picker] AndroidManifest.xml:22:17-67
165                android:resource="@xml/ivpusic_imagepicker_provider_paths" />
165-->[:react-native-image-crop-picker] AndroidManifest.xml:23:17-75
166        </provider>
167
168        <activity
168-->[:react-native-image-crop-picker] AndroidManifest.xml:26:9-28:72
169            android:name="com.yalantis.ucrop.UCropActivity"
169-->[:react-native-image-crop-picker] AndroidManifest.xml:27:13-60
170            android:theme="@style/Theme.AppCompat.Light.NoActionBar" />
170-->[:react-native-image-crop-picker] AndroidManifest.xml:28:13-69
171
172        <provider
172-->[:react-native-image-picker] AndroidManifest.xml:8:9-16:20
173            android:name="com.imagepicker.ImagePickerProvider"
173-->[:react-native-image-picker] AndroidManifest.xml:9:13-63
174            android:authorities="com.shreekul.imagepickerprovider"
174-->[:react-native-image-picker] AndroidManifest.xml:10:13-71
175            android:exported="false"
175-->[:react-native-image-picker] AndroidManifest.xml:11:13-37
176            android:grantUriPermissions="true" >
176-->[:react-native-image-picker] AndroidManifest.xml:12:13-47
177            <meta-data
177-->[:react-native-image-crop-picker] AndroidManifest.xml:21:13-23:78
178                android:name="android.support.FILE_PROVIDER_PATHS"
178-->[:react-native-image-crop-picker] AndroidManifest.xml:22:17-67
179                android:resource="@xml/imagepicker_provider_paths" />
179-->[:react-native-image-crop-picker] AndroidManifest.xml:23:17-75
180        </provider>
181
182        <activity
182-->[:react-native-razorpay] AndroidManifest.xml:8:9-10:86
183            android:name="com.razorpay.CheckoutActivity"
183-->[:react-native-razorpay] AndroidManifest.xml:9:13-57
184            android:configChanges="keyboard|keyboardHidden|orientation|screenSize"
184-->[:react-native-razorpay] AndroidManifest.xml:10:13-83
185            android:exported="false"
185-->[com.razorpay:checkout:1.6.38] AndroidManifest.xml:54:13-37
186            android:theme="@style/CheckoutTheme" >
186-->[com.razorpay:checkout:1.6.38] AndroidManifest.xml:55:13-49
187            <intent-filter>
187-->[com.razorpay:checkout:1.6.38] AndroidManifest.xml:56:13-58:29
188                <action android:name="android.intent.action.MAIN" />
188-->src/main/AndroidManifest.xml:22:13-65
188-->src/main/AndroidManifest.xml:22:21-62
189            </intent-filter>
190        </activity>
191
192        <provider
192-->[:react-native-share] AndroidManifest.xml:8:9-16:20
193            android:name="cl.json.RNShareFileProvider"
193-->[:react-native-share] AndroidManifest.xml:9:13-55
194            android:authorities="com.shreekul.rnshare.fileprovider"
194-->[:react-native-share] AndroidManifest.xml:10:13-72
195            android:exported="false"
195-->[:react-native-share] AndroidManifest.xml:11:13-37
196            android:grantUriPermissions="true" >
196-->[:react-native-share] AndroidManifest.xml:12:13-47
197            <meta-data
197-->[:react-native-image-crop-picker] AndroidManifest.xml:21:13-23:78
198                android:name="android.support.FILE_PROVIDER_PATHS"
198-->[:react-native-image-crop-picker] AndroidManifest.xml:22:17-67
199                android:resource="@xml/share_download_paths" />
199-->[:react-native-image-crop-picker] AndroidManifest.xml:23:17-75
200        </provider>
201
202        <receiver
202-->[com.razorpay:checkout:1.6.38] AndroidManifest.xml:42:9-49:20
203            android:name="com.razorpay.RzpTokenReceiver"
203-->[com.razorpay:checkout:1.6.38] AndroidManifest.xml:43:13-57
204            android:exported="true" >
204-->[com.razorpay:checkout:1.6.38] AndroidManifest.xml:44:13-36
205            <intent-filter>
205-->[com.razorpay:checkout:1.6.38] AndroidManifest.xml:46:13-48:29
206                <action android:name="rzp.device_token.share" />
206-->[com.razorpay:checkout:1.6.38] AndroidManifest.xml:37:13-61
206-->[com.razorpay:checkout:1.6.38] AndroidManifest.xml:37:21-58
207            </intent-filter>
208        </receiver>
209
210        <meta-data
210-->[com.razorpay:checkout:1.6.38] AndroidManifest.xml:61:9-63:58
211            android:name="com.razorpay.plugin.googlepay_all"
211-->[com.razorpay:checkout:1.6.38] AndroidManifest.xml:62:13-61
212            android:value="com.razorpay.RzpGpayMerged" />
212-->[com.razorpay:checkout:1.6.38] AndroidManifest.xml:63:13-55
213
214        <activity
214-->[com.google.android.gms:play-services-auth:20.7.0] AndroidManifest.xml:23:9-27:75
215            android:name="com.google.android.gms.auth.api.signin.internal.SignInHubActivity"
215-->[com.google.android.gms:play-services-auth:20.7.0] AndroidManifest.xml:24:13-93
216            android:excludeFromRecents="true"
216-->[com.google.android.gms:play-services-auth:20.7.0] AndroidManifest.xml:25:13-46
217            android:exported="false"
217-->[com.google.android.gms:play-services-auth:20.7.0] AndroidManifest.xml:26:13-37
218            android:theme="@android:style/Theme.Translucent.NoTitleBar" />
218-->[com.google.android.gms:play-services-auth:20.7.0] AndroidManifest.xml:27:13-72
219        <!--
220            Service handling Google Sign-In user revocation. For apps that do not integrate with
221            Google Sign-In, this service will never be started.
222        -->
223        <service
223-->[com.google.android.gms:play-services-auth:20.7.0] AndroidManifest.xml:33:9-37:51
224            android:name="com.google.android.gms.auth.api.signin.RevocationBoundService"
224-->[com.google.android.gms:play-services-auth:20.7.0] AndroidManifest.xml:34:13-89
225            android:exported="true"
225-->[com.google.android.gms:play-services-auth:20.7.0] AndroidManifest.xml:35:13-36
226            android:permission="com.google.android.gms.auth.api.signin.permission.REVOCATION_NOTIFICATION"
226-->[com.google.android.gms:play-services-auth:20.7.0] AndroidManifest.xml:36:13-107
227            android:visibleToInstantApps="true" />
227-->[com.google.android.gms:play-services-auth:20.7.0] AndroidManifest.xml:37:13-48
228
229        <receiver
229-->[com.google.firebase:firebase-messaging:23.4.0] AndroidManifest.xml:29:9-40:20
230            android:name="com.google.firebase.iid.FirebaseInstanceIdReceiver"
230-->[com.google.firebase:firebase-messaging:23.4.0] AndroidManifest.xml:30:13-78
231            android:exported="true"
231-->[com.google.firebase:firebase-messaging:23.4.0] AndroidManifest.xml:31:13-36
232            android:permission="com.google.android.c2dm.permission.SEND" >
232-->[com.google.firebase:firebase-messaging:23.4.0] AndroidManifest.xml:32:13-73
233            <intent-filter>
233-->[:react-native-firebase_messaging] AndroidManifest.xml:27:13-29:29
234                <action android:name="com.google.android.c2dm.intent.RECEIVE" />
234-->[:react-native-firebase_messaging] AndroidManifest.xml:28:17-81
234-->[:react-native-firebase_messaging] AndroidManifest.xml:28:25-78
235            </intent-filter>
236
237            <meta-data
237-->[com.google.firebase:firebase-messaging:23.4.0] AndroidManifest.xml:37:13-39:40
238                android:name="com.google.android.gms.cloudmessaging.FINISHED_AFTER_HANDLED"
238-->[com.google.firebase:firebase-messaging:23.4.0] AndroidManifest.xml:38:17-92
239                android:value="true" />
239-->[com.google.firebase:firebase-messaging:23.4.0] AndroidManifest.xml:39:17-37
240        </receiver>
241        <!--
242             FirebaseMessagingService performs security checks at runtime,
243             but set to not exported to explicitly avoid allowing another app to call it.
244        -->
245        <service
245-->[com.google.firebase:firebase-messaging:23.4.0] AndroidManifest.xml:46:9-53:19
246            android:name="com.google.firebase.messaging.FirebaseMessagingService"
246-->[com.google.firebase:firebase-messaging:23.4.0] AndroidManifest.xml:47:13-82
247            android:directBootAware="true"
247-->[com.google.firebase:firebase-messaging:23.4.0] AndroidManifest.xml:48:13-43
248            android:exported="false" >
248-->[com.google.firebase:firebase-messaging:23.4.0] AndroidManifest.xml:49:13-37
249            <intent-filter android:priority="-500" >
249-->[:react-native-firebase_messaging] AndroidManifest.xml:18:13-20:29
250                <action android:name="com.google.firebase.MESSAGING_EVENT" />
250-->[:react-native-firebase_messaging] AndroidManifest.xml:19:17-78
250-->[:react-native-firebase_messaging] AndroidManifest.xml:19:25-75
251            </intent-filter>
252        </service> <!-- Needs to be explicitly declared on P+ -->
253        <uses-library
253-->[com.google.android.gms:play-services-maps:17.0.0] AndroidManifest.xml:33:9-35:40
254            android:name="org.apache.http.legacy"
254-->[com.google.android.gms:play-services-maps:17.0.0] AndroidManifest.xml:34:13-50
255            android:required="false" />
255-->[com.google.android.gms:play-services-maps:17.0.0] AndroidManifest.xml:35:13-37
256
257        <activity
257-->[com.google.android.gms:play-services-base:18.0.1] AndroidManifest.xml:20:9-22:45
258            android:name="com.google.android.gms.common.api.GoogleApiActivity"
258-->[com.google.android.gms:play-services-base:18.0.1] AndroidManifest.xml:20:19-85
259            android:exported="false"
259-->[com.google.android.gms:play-services-base:18.0.1] AndroidManifest.xml:22:19-43
260            android:theme="@android:style/Theme.Translucent.NoTitleBar" />
260-->[com.google.android.gms:play-services-base:18.0.1] AndroidManifest.xml:21:19-78
261
262        <provider
262-->[com.google.firebase:firebase-common:20.4.2] AndroidManifest.xml:23:9-28:39
263            android:name="com.google.firebase.provider.FirebaseInitProvider"
263-->[com.google.firebase:firebase-common:20.4.2] AndroidManifest.xml:24:13-77
264            android:authorities="com.shreekul.firebaseinitprovider"
264-->[com.google.firebase:firebase-common:20.4.2] AndroidManifest.xml:25:13-72
265            android:directBootAware="true"
265-->[com.google.firebase:firebase-common:20.4.2] AndroidManifest.xml:26:13-43
266            android:exported="false"
266-->[com.google.firebase:firebase-common:20.4.2] AndroidManifest.xml:27:13-37
267            android:initOrder="100" />
267-->[com.google.firebase:firebase-common:20.4.2] AndroidManifest.xml:28:13-36
268
269        <meta-data
269-->[com.google.android.gms:play-services-basement:18.2.0] AndroidManifest.xml:21:9-23:69
270            android:name="com.google.android.gms.version"
270-->[com.google.android.gms:play-services-basement:18.2.0] AndroidManifest.xml:22:13-58
271            android:value="@integer/google_play_services_version" />
271-->[com.google.android.gms:play-services-basement:18.2.0] AndroidManifest.xml:23:13-66
272
273        <provider
273-->[androidx.emoji2:emoji2:1.2.0] AndroidManifest.xml:24:9-32:20
274            android:name="androidx.startup.InitializationProvider"
274-->[androidx.emoji2:emoji2:1.2.0] AndroidManifest.xml:25:13-67
275            android:authorities="com.shreekul.androidx-startup"
275-->[androidx.emoji2:emoji2:1.2.0] AndroidManifest.xml:26:13-68
276            android:exported="false" >
276-->[androidx.emoji2:emoji2:1.2.0] AndroidManifest.xml:27:13-37
277            <meta-data
277-->[androidx.emoji2:emoji2:1.2.0] AndroidManifest.xml:29:13-31:52
278                android:name="androidx.emoji2.text.EmojiCompatInitializer"
278-->[androidx.emoji2:emoji2:1.2.0] AndroidManifest.xml:30:17-75
279                android:value="androidx.startup" />
279-->[androidx.emoji2:emoji2:1.2.0] AndroidManifest.xml:31:17-49
280            <meta-data
280-->[androidx.lifecycle:lifecycle-process:2.4.1] AndroidManifest.xml:31:13-33:52
281                android:name="androidx.lifecycle.ProcessLifecycleInitializer"
281-->[androidx.lifecycle:lifecycle-process:2.4.1] AndroidManifest.xml:32:17-78
282                android:value="androidx.startup" />
282-->[androidx.lifecycle:lifecycle-process:2.4.1] AndroidManifest.xml:33:17-49
283        </provider>
284
285        <meta-data
285-->[com.facebook.soloader:soloader:0.10.5] AndroidManifest.xml:12:9-14:37
286            android:name="com.facebook.soloader.enabled"
286-->[com.facebook.soloader:soloader:0.10.5] AndroidManifest.xml:13:13-57
287            android:value="false" />
287-->[com.facebook.soloader:soloader:0.10.5] AndroidManifest.xml:14:13-34
288
289        <service
289-->[com.google.android.datatransport:transport-backend-cct:3.1.8] AndroidManifest.xml:28:9-34:19
290            android:name="com.google.android.datatransport.runtime.backends.TransportBackendDiscovery"
290-->[com.google.android.datatransport:transport-backend-cct:3.1.8] AndroidManifest.xml:29:13-103
291            android:exported="false" >
291-->[com.google.android.datatransport:transport-backend-cct:3.1.8] AndroidManifest.xml:30:13-37
292            <meta-data
292-->[com.google.android.datatransport:transport-backend-cct:3.1.8] AndroidManifest.xml:31:13-33:39
293                android:name="backend:com.google.android.datatransport.cct.CctBackendFactory"